Started GET "/" for ::1 at 2025-10-15 11:02:40 +0530
  [1m[35m (1.6ms)[0m  [1m[35mCREATE TABLE "schema_migrations" ("version" varchar NOT NULL PRIMARY KEY) /*application='Store'*/[0m
  [1m[35m (0.2ms)[0m  [1m[35mCREATE TABLE "ar_internal_metadata" ("key" varchar NOT NULL PRIMARY KEY, "value" varchar, "created_at" datetime(6) NOT NULL, "updated_at" datetime(6) NOT NULL) /*application='Store'*/[0m
  [1m[36mActiveRecord::SchemaMigration Load (0.2ms)[0m  [1m[34mSELECT "schema_migrations"."version" FROM "schema_migrations" ORDER BY "schema_migrations"."version" ASC /*application='Store'*/[0m
Processing by Rails::WelcomeController#index as HTML
  Rendering /home/harish/.rvm/gems/ruby-3.4.1/gems/railties-8.0.3/lib/rails/templates/rails/welcome/index.html.erb
  Rendered /home/harish/.rvm/gems/ruby-3.4.1/gems/railties-8.0.3/lib/rails/templates/rails/welcome/index.html.erb (Duration: 2.8ms | GC: 1.2ms)
Completed 200 OK in 28ms (Views: 7.8ms | ActiveRecord: 0.0ms (0 queries, 0 cached) | GC: 2.1ms)


Started GET "/" for 127.0.0.1 at 2025-10-15 11:03:03 +0530
Processing by Rails::WelcomeController#index as HTML
  Rendering /home/harish/.rvm/gems/ruby-3.4.1/gems/railties-8.0.3/lib/rails/templates/rails/welcome/index.html.erb
  Rendered /home/harish/.rvm/gems/ruby-3.4.1/gems/railties-8.0.3/lib/rails/templates/rails/welcome/index.html.erb (Duration: 0.2ms | GC: 0.0ms)
Completed 200 OK in 9ms (Views: 0.6ms | ActiveRecord: 0.0ms (0 queries, 0 cached) | GC: 0.0ms)


  [1m[36mActiveRecord::InternalMetadata Load (0.1ms)[0m  [1m[34mSELECT * FROM "ar_internal_metadata" WHERE "ar_internal_metadata"."key" = 'environment' ORDER BY "ar_internal_metadata"."key" ASC LIMIT 1 /*application='Store'*/[0m
  [1m[36mActiveRecord::InternalMetadata Create (5.7ms)[0m  [1m[32mINSERT INTO "ar_internal_metadata" ("key", "value", "created_at", "updated_at") VALUES ('environment', 'development', '2025-10-15 06:39:12.569944', '2025-10-15 06:39:12.569947') RETURNING "key" /*application='Store'*/[0m
  [1m[36mActiveRecord::SchemaMigration Load (0.1ms)[0m  [1m[34mSELECT "schema_migrations"."version" FROM "schema_migrations" ORDER BY "schema_migrations"."version" ASC /*application='Store'*/[0m
Migrating to CreateProducts (20251015055725)
  [1m[36mTRANSACTION (0.1ms)[0m  [1m[35mBEGIN immediate TRANSACTION /*application='Store'*/[0m
  [1m[35m (1.3ms)[0m  [1m[35mCREATE TABLE "products" ("id" integer PRIMARY KEY AUTOINCREMENT NOT NULL, "name" varchar, "created_at" datetime(6) NOT NULL, "updated_at" datetime(6) NOT NULL) /*application='Store'*/[0m
  [1m[36mActiveRecord::SchemaMigration Create (0.1ms)[0m  [1m[32mINSERT INTO "schema_migrations" ("version") VALUES ('20251015055725') RETURNING "version" /*application='Store'*/[0m
  [1m[36mTRANSACTION (0.1ms)[0m  [1m[35mCOMMIT TRANSACTION /*application='Store'*/[0m
  [1m[36mActiveRecord::SchemaMigration Load (0.1ms)[0m  [1m[34mSELECT "schema_migrations"."version" FROM "schema_migrations" ORDER BY "schema_migrations"."version" ASC /*application='Store'*/[0m
Started GET "/" for ::1 at 2025-10-17 11:24:16 +0530
  [1m[36mActiveRecord::SchemaMigration Load (0.2ms)[0m  [1m[34mSELECT "schema_migrations"."version" FROM "schema_migrations" ORDER BY "schema_migrations"."version" ASC /*application='Store'*/[0m
Processing by Rails::WelcomeController#index as HTML
  Rendering /home/harish/.rvm/gems/ruby-3.4.1/gems/railties-8.0.3/lib/rails/templates/rails/welcome/index.html.erb
  Rendered /home/harish/.rvm/gems/ruby-3.4.1/gems/railties-8.0.3/lib/rails/templates/rails/welcome/index.html.erb (Duration: 1.4ms | GC: 0.0ms)
Completed 200 OK in 18ms (Views: 4.2ms | ActiveRecord: 0.0ms (0 queries, 0 cached) | GC: 0.9ms)


Started GET "/" for ::1 at 2025-10-19 21:20:19 +0530
  [1m[36mActiveRecord::SchemaMigration Load (0.1ms)[0m  [1m[34mSELECT "schema_migrations"."version" FROM "schema_migrations" ORDER BY "schema_migrations"."version" ASC /*application='Store'*/[0m
Processing by Rails::WelcomeController#index as HTML
  Rendering /home/harish/.rvm/gems/ruby-3.4.1/gems/railties-8.0.3/lib/rails/templates/rails/welcome/index.html.erb
  Rendered /home/harish/.rvm/gems/ruby-3.4.1/gems/railties-8.0.3/lib/rails/templates/rails/welcome/index.html.erb (Duration: 0.4ms | GC: 0.0ms)
Completed 200 OK in 9ms (Views: 1.9ms | ActiveRecord: 0.0ms (0 queries, 0 cached) | GC: 0.0ms)


Started GET "/" for ::1 at 2025-10-19 21:31:02 +0530
  [1m[36mActiveRecord::SchemaMigration Load (0.1ms)[0m  [1m[34mSELECT "schema_migrations"."version" FROM "schema_migrations" ORDER BY "schema_migrations"."version" ASC /*application='Store'*/[0m
Processing by Rails::WelcomeController#index as HTML
  Rendering /home/harish/.rvm/gems/ruby-3.4.1/gems/railties-8.0.3/lib/rails/templates/rails/welcome/index.html.erb
  Rendered /home/harish/.rvm/gems/ruby-3.4.1/gems/railties-8.0.3/lib/rails/templates/rails/welcome/index.html.erb (Duration: 0.6ms | GC: 0.2ms)
Completed 200 OK in 10ms (Views: 1.7ms | ActiveRecord: 0.0ms (0 queries, 0 cached) | GC: 2.6ms)


Started GET "/" for ::1 at 2025-10-22 00:41:55 +0530
  [1m[36mActiveRecord::SchemaMigration Load (0.1ms)[0m  [1m[34mSELECT "schema_migrations"."version" FROM "schema_migrations" ORDER BY "schema_migrations"."version" ASC /*application='Store'*/[0m
Processing by Rails::WelcomeController#index as HTML
  Rendering /home/harish/.rvm/gems/ruby-3.4.1/gems/railties-8.0.3/lib/rails/templates/rails/welcome/index.html.erb
  Rendered /home/harish/.rvm/gems/ruby-3.4.1/gems/railties-8.0.3/lib/rails/templates/rails/welcome/index.html.erb (Duration: 1.0ms | GC: 0.0ms)
Completed 200 OK in 10ms (Views: 2.3ms | ActiveRecord: 0.0ms (0 queries, 0 cached) | GC: 0.3ms)


Started GET "/" for 127.0.0.1 at 2025-10-22 00:42:07 +0530
Processing by Rails::WelcomeController#index as HTML
  Rendering /home/harish/.rvm/gems/ruby-3.4.1/gems/railties-8.0.3/lib/rails/templates/rails/welcome/index.html.erb
  Rendered /home/harish/.rvm/gems/ruby-3.4.1/gems/railties-8.0.3/lib/rails/templates/rails/welcome/index.html.erb (Duration: 0.7ms | GC: 0.4ms)
Completed 200 OK in 9ms (Views: 1.1ms | ActiveRecord: 0.0ms (0 queries, 0 cached) | GC: 0.4ms)


Started GET "/" for ::1 at 2025-10-22 00:42:17 +0530
Processing by Rails::WelcomeController#index as HTML
  Rendering /home/harish/.rvm/gems/ruby-3.4.1/gems/railties-8.0.3/lib/rails/templates/rails/welcome/index.html.erb
  Rendered /home/harish/.rvm/gems/ruby-3.4.1/gems/railties-8.0.3/lib/rails/templates/rails/welcome/index.html.erb (Duration: 0.1ms | GC: 0.0ms)
Completed 200 OK in 5ms (Views: 0.4ms | ActiveRecord: 0.0ms (0 queries, 0 cached) | GC: 0.0ms)


  [1m[36mActiveRecord::InternalMetadata Load (0.6ms)[0m  [1m[34mSELECT * FROM "ar_internal_metadata" WHERE "ar_internal_metadata"."key" = 'environment' ORDER BY "ar_internal_metadata"."key" ASC LIMIT 1 /*application='Store'*/[0m
  [1m[36mActiveRecord::SchemaMigration Load (0.0ms)[0m  [1m[34mSELECT "schema_migrations"."version" FROM "schema_migrations" ORDER BY "schema_migrations"."version" ASC /*application='Store'*/[0m
  [1m[36mActiveRecord::SchemaMigration Load (0.0ms)[0m  [1m[34mSELECT "schema_migrations"."version" FROM "schema_migrations" ORDER BY "schema_migrations"."version" ASC /*application='Store'*/[0m
  [1m[36mActiveRecord::InternalMetadata Load (0.2ms)[0m  [1m[34mSELECT * FROM "ar_internal_metadata" WHERE "ar_internal_metadata"."key" = 'environment' ORDER BY "ar_internal_metadata"."key" ASC LIMIT 1 /*application='Store'*/[0m
  [1m[36mActiveRecord::SchemaMigration Load (0.1ms)[0m  [1m[34mSELECT "schema_migrations"."version" FROM "schema_migrations" ORDER BY "schema_migrations"."version" ASC /*application='Store'*/[0m
  [1m[36mActiveRecord::SchemaMigration Load (0.1ms)[0m  [1m[34mSELECT "schema_migrations"."version" FROM "schema_migrations" ORDER BY "schema_migrations"."version" ASC /*application='Store'*/[0m
  [1m[36mActiveRecord::InternalMetadata Load (0.1ms)[0m  [1m[34mSELECT * FROM "ar_internal_metadata" WHERE "ar_internal_metadata"."key" = 'environment' ORDER BY "ar_internal_metadata"."key" ASC LIMIT 1 /*application='Store'*/[0m
  [1m[36mActiveRecord::SchemaMigration Load (0.1ms)[0m  [1m[34mSELECT "schema_migrations"."version" FROM "schema_migrations" ORDER BY "schema_migrations"."version" ASC /*application='Store'*/[0m
  [1m[36mActiveRecord::SchemaMigration Load (0.0ms)[0m  [1m[34mSELECT "schema_migrations"."version" FROM "schema_migrations" ORDER BY "schema_migrations"."version" ASC /*application='Store'*/[0m
  [1m[36mTRANSACTION (0.1ms)[0m  [1m[35mBEGIN immediate TRANSACTION /*application='Store'*/[0m
  [1m[36mProduct Create (0.9ms)[0m  [1m[32mINSERT INTO "products" ("name", "created_at", "updated_at") VALUES ('Pants', '2025-10-23 02:55:28.874094', '2025-10-23 02:55:28.874094') RETURNING "id" /*application='Store'*/[0m
  [1m[36mTRANSACTION (3.7ms)[0m  [1m[35mCOMMIT TRANSACTION /*application='Store'*/[0m
  [1m[36mProduct Load (0.2ms)[0m  [1m[34mSELECT "products".* FROM "products" /* loading for pp */ LIMIT 11 /*application='Store'*/[0m
  [1m[36mProduct Load (0.2ms)[0m  [1m[34mSELECT "products".* FROM "products" WHERE "products"."name" = 'Pants' /* loading for pp */ LIMIT 11 /*application='Store'*/[0m
  [1m[36mProduct Load (0.2ms)[0m  [1m[34mSELECT "products".* FROM "products" WHERE "products"."id" = 1 LIMIT 1 /*application='Store'*/[0m
  [1m[36mProduct Load (0.2ms)[0m  [1m[34mSELECT "products".* FROM "products" WHERE "products"."id" = 1 LIMIT 1 /*application='Store'*/[0m
  [1m[36mProduct Load (0.2ms)[0m  [1m[34mSELECT "products".* FROM "products" /* loading for pp */ LIMIT 11 /*application='Store'*/[0m
Started GET "/" for ::1 at 2025-10-23 08:31:06 +0530
  [1m[36mActiveRecord::SchemaMigration Load (0.2ms)[0m  [1m[34mSELECT "schema_migrations"."version" FROM "schema_migrations" ORDER BY "schema_migrations"."version" ASC /*application='Store'*/[0m
Processing by Rails::WelcomeController#index as HTML
  Rendering /home/harish/.rvm/gems/ruby-3.4.1/gems/railties-8.0.3/lib/rails/templates/rails/welcome/index.html.erb
  Rendered /home/harish/.rvm/gems/ruby-3.4.1/gems/railties-8.0.3/lib/rails/templates/rails/welcome/index.html.erb (Duration: 0.6ms | GC: 0.0ms)
Completed 200 OK in 17ms (Views: 3.1ms | ActiveRecord: 0.0ms (0 queries, 0 cached) | GC: 0.6ms)


  [1m[36mActiveRecord::InternalMetadata Load (0.1ms)[0m  [1m[34mSELECT * FROM "ar_internal_metadata" WHERE "ar_internal_metadata"."key" = 'environment' ORDER BY "ar_internal_metadata"."key" ASC LIMIT 1 /*application='Store'*/[0m
  [1m[36mActiveRecord::SchemaMigration Load (0.1ms)[0m  [1m[34mSELECT "schema_migrations"."version" FROM "schema_migrations" ORDER BY "schema_migrations"."version" ASC /*application='Store'*/[0m
  [1m[36mActiveRecord::SchemaMigration Load (0.0ms)[0m  [1m[34mSELECT "schema_migrations"."version" FROM "schema_migrations" ORDER BY "schema_migrations"."version" ASC /*application='Store'*/[0m
Started GET "/" for ::1 at 2025-10-25 09:47:07 +0530
  [1m[36mActiveRecord::SchemaMigration Load (0.2ms)[0m  [1m[34mSELECT "schema_migrations"."version" FROM "schema_migrations" ORDER BY "schema_migrations"."version" ASC /*application='Store'*/[0m
Processing by Rails::WelcomeController#index as HTML
  Rendering /home/harish/.rvm/gems/ruby-3.4.1/gems/railties-8.0.3/lib/rails/templates/rails/welcome/index.html.erb
  Rendered /home/harish/.rvm/gems/ruby-3.4.1/gems/railties-8.0.3/lib/rails/templates/rails/welcome/index.html.erb (Duration: 0.7ms | GC: 0.0ms)
Completed 200 OK in 16ms (Views: 3.1ms | ActiveRecord: 0.0ms (0 queries, 0 cached) | GC: 0.0ms)


  [1m[36mActiveRecord::InternalMetadata Load (2.7ms)[0m  [1m[34mSELECT * FROM "ar_internal_metadata" WHERE "ar_internal_metadata"."key" = 'environment' ORDER BY "ar_internal_metadata"."key" ASC LIMIT 1 /*application='Store'*/[0m
  [1m[36mActiveRecord::SchemaMigration Load (0.1ms)[0m  [1m[34mSELECT "schema_migrations"."version" FROM "schema_migrations" ORDER BY "schema_migrations"."version" ASC /*application='Store'*/[0m
  [1m[36mActiveRecord::SchemaMigration Load (0.1ms)[0m  [1m[34mSELECT "schema_migrations"."version" FROM "schema_migrations" ORDER BY "schema_migrations"."version" ASC /*application='Store'*/[0m
  [1m[36mActiveRecord::InternalMetadata Load (0.1ms)[0m  [1m[34mSELECT * FROM "ar_internal_metadata" WHERE "ar_internal_metadata"."key" = 'environment' ORDER BY "ar_internal_metadata"."key" ASC LIMIT 1 /*application='Store'*/[0m
  [1m[36mActiveRecord::SchemaMigration Load (0.1ms)[0m  [1m[34mSELECT "schema_migrations"."version" FROM "schema_migrations" ORDER BY "schema_migrations"."version" ASC /*application='Store'*/[0m
  [1m[36mActiveRecord::SchemaMigration Load (0.1ms)[0m  [1m[34mSELECT "schema_migrations"."version" FROM "schema_migrations" ORDER BY "schema_migrations"."version" ASC /*application='Store'*/[0m
  [1m[36mProduct Load (2.3ms)[0m  [1m[34mSELECT "products".* FROM "products" /* loading for pp */ LIMIT 11 /*application='Store'*/[0m
  [1m[36mTRANSACTION (0.1ms)[0m  [1m[35mBEGIN immediate TRANSACTION /*application='Store'*/[0m
  [1m[36mProduct Create (0.9ms)[0m  [1m[32mINSERT INTO "products" ("name", "created_at", "updated_at") VALUES (NULL, '2025-10-25 04:56:44.163083', '2025-10-25 04:56:44.163083') RETURNING "id" /*application='Store'*/[0m
  [1m[36mTRANSACTION (5.4ms)[0m  [1m[35mCOMMIT TRANSACTION /*application='Store'*/[0m
  [1m[36mProduct Load (0.3ms)[0m  [1m[34mSELECT "products".* FROM "products" /* loading for pp */ LIMIT 11 /*application='Store'*/[0m
  [1m[36mProduct Load (0.2ms)[0m  [1m[34mSELECT "products".* FROM "products" WHERE "products"."name" = 'Pants' /* loading for pp */ LIMIT 11 /*application='Store'*/[0m
  [1m[36mActiveRecord::InternalMetadata Load (0.2ms)[0m  [1m[34mSELECT * FROM "ar_internal_metadata" WHERE "ar_internal_metadata"."key" = 'environment' ORDER BY "ar_internal_metadata"."key" ASC LIMIT 1 /*application='Store'*/[0m
  [1m[36mActiveRecord::SchemaMigration Load (0.0ms)[0m  [1m[34mSELECT "schema_migrations"."version" FROM "schema_migrations" ORDER BY "schema_migrations"."version" ASC /*application='Store'*/[0m
Migrating to CreateUsers (20251026033918)
  [1m[36mTRANSACTION (0.0ms)[0m  [1m[35mBEGIN immediate TRANSACTION /*application='Store'*/[0m
  [1m[35m (0.6ms)[0m  [1m[35mCREATE TABLE "users" ("id" integer PRIMARY KEY AUTOINCREMENT NOT NULL, "email_address" varchar NOT NULL, "password_digest" varchar NOT NULL, "created_at" datetime(6) NOT NULL, "updated_at" datetime(6) NOT NULL) /*application='Store'*/[0m
  [1m[35m (0.1ms)[0m  [1m[35mCREATE UNIQUE INDEX "index_users_on_email_address" ON "users" ("email_address") /*application='Store'*/[0m
  [1m[36mActiveRecord::SchemaMigration Create (0.1ms)[0m  [1m[32mINSERT INTO "schema_migrations" ("version") VALUES ('20251026033918') RETURNING "version" /*application='Store'*/[0m
  [1m[36mTRANSACTION (2.9ms)[0m  [1m[35mCOMMIT TRANSACTION /*application='Store'*/[0m
Migrating to CreateSessions (20251026033919)
  [1m[36mTRANSACTION (0.0ms)[0m  [1m[35mBEGIN immediate TRANSACTION /*application='Store'*/[0m
  [1m[35m (0.6ms)[0m  [1m[35mCREATE TABLE "sessions" ("id" integer PRIMARY KEY AUTOINCREMENT NOT NULL, "user_id" integer NOT NULL, "ip_address" varchar, "user_agent" varchar, "created_at" datetime(6) NOT NULL, "updated_at" datetime(6) NOT NULL, CONSTRAINT "fk_rails_758836b4f0"
FOREIGN KEY ("user_id")
  REFERENCES "users" ("id")
) /*application='Store'*/[0m
  [1m[35m (0.0ms)[0m  [1m[35mCREATE INDEX "index_sessions_on_user_id" ON "sessions" ("user_id") /*application='Store'*/[0m
  [1m[36mActiveRecord::SchemaMigration Create (0.0ms)[0m  [1m[32mINSERT INTO "schema_migrations" ("version") VALUES ('20251026033919') RETURNING "version" /*application='Store'*/[0m
  [1m[36mTRANSACTION (0.0ms)[0m  [1m[35mCOMMIT TRANSACTION /*application='Store'*/[0m
  [1m[36mActiveRecord::SchemaMigration Load (0.0ms)[0m  [1m[34mSELECT "schema_migrations"."version" FROM "schema_migrations" ORDER BY "schema_migrations"."version" ASC /*application='Store'*/[0m
  [1m[36mTRANSACTION (0.1ms)[0m  [1m[35mBEGIN immediate TRANSACTION /*application='Store'*/[0m
  [1m[36mUser Create (0.6ms)[0m  [1m[32mINSERT INTO "users" ("email_address", "password_digest", "created_at", "updated_at") VALUES ('you@example.org', '$2a$12$X/UkX.aph5BVmmiLmoJ0BOEP2sbb8d07gVOMmlTwiyXjSHcfSQY72', '2025-10-26 03:41:17.636827', '2025-10-26 03:41:17.636827') RETURNING "id" /*application='Store'*/[0m
  [1m[36mTRANSACTION (5.4ms)[0m  [1m[35mCOMMIT TRANSACTION /*application='Store'*/[0m
Started GET "/" for ::1 at 2025-10-26 09:12:14 +0530
  [1m[36mActiveRecord::SchemaMigration Load (0.1ms)[0m  [1m[34mSELECT "schema_migrations"."version" FROM "schema_migrations" ORDER BY "schema_migrations"."version" ASC /*application='Store'*/[0m
Processing by Rails::WelcomeController#index as HTML
  Rendering /home/harish/.rvm/gems/ruby-3.4.1/gems/railties-8.0.3/lib/rails/templates/rails/welcome/index.html.erb
  Rendered /home/harish/.rvm/gems/ruby-3.4.1/gems/railties-8.0.3/lib/rails/templates/rails/welcome/index.html.erb (Duration: 1.0ms | GC: 0.0ms)
Completed 200 OK in 10ms (Views: 2.4ms | ActiveRecord: 0.0ms (0 queries, 0 cached) | GC: 0.0ms)


Started GET "/products/new" for ::1 at 2025-10-26 09:12:39 +0530
  [1m[36mActiveRecord::SchemaMigration Load (0.1ms)[0m  [1m[34mSELECT "schema_migrations"."version" FROM "schema_migrations" ORDER BY "schema_migrations"."version" ASC /*application='Store'*/[0m
  
ActionController::RoutingError (No route matches [GET] "/products/new"):
  
Started GET "/favicon.ico" for ::1 at 2025-10-26 09:12:40 +0530
  
ActionController::RoutingError (No route matches [GET] "/favicon.ico"):
  
Started GET "/products/new" for ::1 at 2025-10-26 09:13:08 +0530
  
ActionController::RoutingError (No route matches [GET] "/products/new"):
  
Started GET "/products/new" for ::1 at 2025-10-26 09:13:55 +0530
  
ActionController::RoutingError (No route matches [GET] "/products/new"):
  
Started GET "/session/new" for ::1 at 2025-10-26 09:21:38 +0530
  [1m[36mActiveRecord::SchemaMigration Load (0.2ms)[0m  [1m[34mSELECT "schema_migrations"."version" FROM "schema_migrations" ORDER BY "schema_migrations"."version" ASC /*application='Store'*/[0m
Processing by SessionsController#new as HTML
  Rendering layout layouts/application.html.erb
  Rendering sessions/new.html.erb within layouts/application
  Rendered sessions/new.html.erb within layouts/application (Duration: 3.2ms | GC: 0.0ms)
  Rendered layout layouts/application.html.erb (Duration: 4.1ms | GC: 0.0ms)
Completed 500 Internal Server Error in 27ms (ActiveRecord: 0.0ms (0 queries, 0 cached) | GC: 0.0ms)


  
ActionView::Template::Error (undefined local variable or method 'root_path' for an instance of #<Class:0x000077535efcd400>)
Caused by: NameError (undefined local variable or method 'root_path' for an instance of #<Class:0x000077535efcd400>)

Information for: ActionView::Template::Error (undefined local variable or method 'root_path' for an instance of #<Class:0x000077535efcd400>):
    2: <html>
    3: <body>
    4: <nav>
    5: <%= link_to "Home", root_path %>
    6: <%= button_to "Log out", session_path, method: :delete if authenticated? %>
    7: </nav>
    8: <main>
  
app/views/layouts/application.html.erb:5

Information for cause: NameError (undefined local variable or method 'root_path' for an instance of #<Class:0x000077535efcd400>):
  
app/views/layouts/application.html.erb:5
Started GET "/products/new" for ::1 at 2025-10-26 09:22:31 +0530
  
ActionController::RoutingError (No route matches [GET] "/products/new"):
  
  [1m[36mActiveRecord::InternalMetadata Load (0.1ms)[0m  [1m[34mSELECT * FROM "ar_internal_metadata" WHERE "ar_internal_metadata"."key" = 'environment' ORDER BY "ar_internal_metadata"."key" ASC LIMIT 1 /*application='Store'*/[0m
  [1m[36mActiveRecord::SchemaMigration Load (0.0ms)[0m  [1m[34mSELECT "schema_migrations"."version" FROM "schema_migrations" ORDER BY "schema_migrations"."version" ASC /*application='Store'*/[0m
  [1m[36mActiveRecord::SchemaMigration Load (0.0ms)[0m  [1m[34mSELECT "schema_migrations"."version" FROM "schema_migrations" ORDER BY "schema_migrations"."version" ASC /*application='Store'*/[0m
  [1m[36mActiveRecord::InternalMetadata Load (0.1ms)[0m  [1m[34mSELECT * FROM "ar_internal_metadata" WHERE "ar_internal_metadata"."key" = 'environment' ORDER BY "ar_internal_metadata"."key" ASC LIMIT 1 /*application='Store'*/[0m
  [1m[36mActiveRecord::SchemaMigration Load (0.0ms)[0m  [1m[34mSELECT "schema_migrations"."version" FROM "schema_migrations" ORDER BY "schema_migrations"."version" ASC /*application='Store'*/[0m
  [1m[36mActiveRecord::SchemaMigration Load (0.0ms)[0m  [1m[34mSELECT "schema_migrations"."version" FROM "schema_migrations" ORDER BY "schema_migrations"."version" ASC /*application='Store'*/[0m
Started GET "/" for ::1 at 2025-10-27 11:04:10 +0530
  [1m[36mActiveRecord::SchemaMigration Load (0.1ms)[0m  [1m[34mSELECT "schema_migrations"."version" FROM "schema_migrations" ORDER BY "schema_migrations"."version" ASC /*application='Store'*/[0m
Processing by Rails::WelcomeController#index as HTML
  Rendering /home/harish/.rvm/gems/ruby-3.4.1/gems/railties-8.0.3/lib/rails/templates/rails/welcome/index.html.erb
  Rendered /home/harish/.rvm/gems/ruby-3.4.1/gems/railties-8.0.3/lib/rails/templates/rails/welcome/index.html.erb (Duration: 0.8ms | GC: 0.0ms)
Completed 200 OK in 9ms (Views: 2.0ms | ActiveRecord: 0.0ms (0 queries, 0 cached) | GC: 0.0ms)


Started GET "/products" for ::1 at 2025-10-27 11:04:19 +0530
  
ActionController::RoutingError (No route matches [GET] "/products"):
  
Started GET "/favicon.ico" for ::1 at 2025-10-27 11:04:19 +0530
  
ActionController::RoutingError (No route matches [GET] "/favicon.ico"):
  
Started GET "/session/new" for ::1 at 2025-10-27 11:05:07 +0530
Processing by SessionsController#new as HTML
  Rendering layout layouts/application.html.erb
  Rendering sessions/new.html.erb within layouts/application
  Rendered sessions/new.html.erb within layouts/application (Duration: 2.2ms | GC: 0.0ms)
  Rendered layout layouts/application.html.erb (Duration: 2.7ms | GC: 0.0ms)
Completed 500 Internal Server Error in 13ms (ActiveRecord: 0.0ms (0 queries, 0 cached) | GC: 1.2ms)


  
ActionView::Template::Error (undefined local variable or method 'root_path' for an instance of #<Class:0x00007105bc4abcc0>)
Caused by: NameError (undefined local variable or method 'root_path' for an instance of #<Class:0x00007105bc4abcc0>)

Information for: ActionView::Template::Error (undefined local variable or method 'root_path' for an instance of #<Class:0x00007105bc4abcc0>):
    2: <html>
    3: <body>
    4: <nav>
    5: <%= link_to "Home", root_path %>
    6: <%= button_to "Log out", session_path, method: :delete if authenticated? %>
    7: </nav>
    8: <main>
  
app/views/layouts/application.html.erb:5

Information for cause: NameError (undefined local variable or method 'root_path' for an instance of #<Class:0x00007105bc4abcc0>):
  
app/views/layouts/application.html.erb:5
Started GET "/session" for ::1 at 2025-10-27 11:05:14 +0530
  
AbstractController::ActionNotFound (The action 'show' could not be found for SessionsController):
  
actionpack (8.0.3) lib/abstract_controller/base.rb:147:in 'AbstractController::Base#process'
actionview (8.0.3) lib/action_view/rendering.rb:40:in 'ActionView::Rendering#process'
actionpack (8.0.3) lib/action_controller/metal.rb:252:in 'ActionController::Metal#dispatch'
actionpack (8.0.3) lib/action_controller/metal.rb:335:in 'ActionController::Metal.dispatch'
actionpack (8.0.3) lib/action_dispatch/routing/route_set.rb:67:in 'ActionDispatch::Routing::RouteSet::Dispatcher#dispatch'
actionpack (8.0.3) lib/action_dispatch/routing/route_set.rb:50:in 'ActionDispatch::Routing::RouteSet::Dispatcher#serve'
actionpack (8.0.3) lib/action_dispatch/journey/router.rb:53:in 'block in ActionDispatch::Journey::Router#serve'
actionpack (8.0.3) lib/action_dispatch/journey/router.rb:133:in 'block in ActionDispatch::Journey::Router#find_routes'
actionpack (8.0.3) lib/action_dispatch/journey/router.rb:126:in 'Array#each'
actionpack (8.0.3) lib/action_dispatch/journey/router.rb:126:in 'ActionDispatch::Journey::Router#find_routes'
actionpack (8.0.3) lib/action_dispatch/journey/router.rb:34:in 'ActionDispatch::Journey::Router#serve'
actionpack (8.0.3) lib/action_dispatch/routing/route_set.rb:908:in 'ActionDispatch::Routing::RouteSet#call'
railties (8.0.3) lib/rails/engine/lazy_route_set.rb:60:in 'Rails::Engine::LazyRouteSet#call'
rack (3.2.3) lib/rack/tempfile_reaper.rb:20:in 'Rack::TempfileReaper#call'
rack (3.2.3) lib/rack/etag.rb:29:in 'Rack::ETag#call'
rack (3.2.3) lib/rack/conditional_get.rb:31:in 'Rack::ConditionalGet#call'
rack (3.2.3) lib/rack/head.rb:15:in 'Rack::Head#call'
actionpack (8.0.3) lib/action_dispatch/http/permissions_policy.rb:38:in 'ActionDispatch::PermissionsPolicy::Middleware#call'
actionpack (8.0.3) lib/action_dispatch/http/content_security_policy.rb:38:in 'ActionDispatch::ContentSecurityPolicy::Middleware#call'
rack-session (2.1.1) lib/rack/session/abstract/id.rb:274:in 'Rack::Session::Abstract::Persisted#context'
rack-session (2.1.1) lib/rack/session/abstract/id.rb:268:in 'Rack::Session::Abstract::Persisted#call'
actionpack (8.0.3) lib/action_dispatch/middleware/cookies.rb:706:in 'ActionDispatch::Cookies#call'
activerecord (8.0.3) lib/active_record/migration.rb:670:in 'ActiveRecord::Migration::CheckPending#call'
actionpack (8.0.3) lib/action_dispatch/middleware/callbacks.rb:31:in 'block in ActionDispatch::Callbacks#call'
activesupport (8.0.3) lib/active_support/callbacks.rb:100:in 'ActiveSupport::Callbacks#run_callbacks'
actionpack (8.0.3) lib/action_dispatch/middleware/callbacks.rb:30:in 'ActionDispatch::Callbacks#call'
actionpack (8.0.3) lib/action_dispatch/middleware/executor.rb:16:in 'ActionDispatch::Executor#call'
actionpack (8.0.3) lib/action_dispatch/middleware/actionable_exceptions.rb:18:in 'ActionDispatch::ActionableExceptions#call'
actionpack (8.0.3) lib/action_dispatch/middleware/debug_exceptions.rb:31:in 'ActionDispatch::DebugExceptions#call'
web-console (4.2.1) lib/web_console/middleware.rb:132:in 'WebConsole::Middleware#call_app'
web-console (4.2.1) lib/web_console/middleware.rb:28:in 'block in WebConsole::Middleware#call'
web-console (4.2.1) lib/web_console/middleware.rb:17:in 'Kernel#catch'
web-console (4.2.1) lib/web_console/middleware.rb:17:in 'WebConsole::Middleware#call'
actionpack (8.0.3) lib/action_dispatch/middleware/show_exceptions.rb:32:in 'ActionDispatch::ShowExceptions#call'
railties (8.0.3) lib/rails/rack/logger.rb:41:in 'Rails::Rack::Logger#call_app'
railties (8.0.3) lib/rails/rack/logger.rb:29:in 'Rails::Rack::Logger#call'
actionpack (8.0.3) lib/action_dispatch/middleware/remote_ip.rb:96:in 'ActionDispatch::RemoteIp#call'
actionpack (8.0.3) lib/action_dispatch/middleware/request_id.rb:34:in 'ActionDispatch::RequestId#call'
rack (3.2.3) lib/rack/method_override.rb:28:in 'Rack::MethodOverride#call'
rack (3.2.3) lib/rack/runtime.rb:24:in 'Rack::Runtime#call'
actionpack (8.0.3) lib/action_dispatch/middleware/server_timing.rb:61:in 'block in ActionDispatch::ServerTiming#call'
actionpack (8.0.3) lib/action_dispatch/middleware/server_timing.rb:26:in 'ActionDispatch::ServerTiming::Subscriber#collect_events'
actionpack (8.0.3) lib/action_dispatch/middleware/server_timing.rb:60:in 'ActionDispatch::ServerTiming#call'
actionpack (8.0.3) lib/action_dispatch/middleware/executor.rb:16:in 'ActionDispatch::Executor#call'
propshaft (1.3.1) lib/propshaft/server.rb:37:in 'Propshaft::Server#call'
actionpack (8.0.3) lib/action_dispatch/middleware/static.rb:27:in 'ActionDispatch::Static#call'
rack (3.2.3) lib/rack/sendfile.rb:131:in 'Rack::Sendfile#call'
actionpack (8.0.3) lib/action_dispatch/middleware/host_authorization.rb:143:in 'ActionDispatch::HostAuthorization#call'
railties (8.0.3) lib/rails/engine.rb:535:in 'Rails::Engine#call'
puma (7.0.4) lib/puma/configuration.rb:299:in 'Puma::Configuration::ConfigMiddleware#call'
puma (7.0.4) lib/puma/request.rb:101:in 'block in Puma::Request#handle_request'
puma (7.0.4) lib/puma/thread_pool.rb:346:in 'Puma::ThreadPool#with_force_shutdown'
puma (7.0.4) lib/puma/request.rb:100:in 'Puma::Request#handle_request'
puma (7.0.4) lib/puma/server.rb:506:in 'Puma::Server#process_client'
puma (7.0.4) lib/puma/server.rb:265:in 'block in Puma::Server#run'
puma (7.0.4) lib/puma/thread_pool.rb:173:in 'block in Puma::ThreadPool#spawn_thread'
Started GET "/sessions" for ::1 at 2025-10-27 11:05:26 +0530
  
ActionController::RoutingError (No route matches [GET] "/sessions"):
  
  [1m[36mProduct Load (2.4ms)[0m  [1m[34mSELECT "products".* FROM "products" /* loading for pp */ LIMIT 11 /*application='Store'*/[0m
  [1m[36mTRANSACTION (0.1ms)[0m  [1m[35mBEGIN immediate TRANSACTION /*application='Store'*/[0m
  [1m[36mProduct Create (0.5ms)[0m  [1m[32mINSERT INTO "products" ("name", "created_at", "updated_at") VALUES (NULL, '2025-10-27 05:46:20.894240', '2025-10-27 05:46:20.894240') RETURNING "id" /*application='Store'*/[0m
  [1m[36mTRANSACTION (5.0ms)[0m  [1m[35mCOMMIT TRANSACTION /*application='Store'*/[0m
  [1m[36mActiveRecord::SchemaMigration Load (0.1ms)[0m  [1m[34mSELECT "schema_migrations"."version" FROM "schema_migrations" ORDER BY "schema_migrations"."version" ASC /*application='Store'*/[0m
Started GET "/products" for ::1 at 2025-10-27 12:19:48 +0530
  [1m[36mActiveRecord::SchemaMigration Load (0.1ms)[0m  [1m[34mSELECT "schema_migrations"."version" FROM "schema_migrations" ORDER BY "schema_migrations"."version" ASC /*application='Store'*/[0m
  
ActionController::RoutingError (No route matches [GET] "/products"):
  
Started GET "/products" for ::1 at 2025-10-27 12:19:52 +0530
  
ActionController::RoutingError (No route matches [GET] "/products"):
  
Started GET "/products" for ::1 at 2025-10-27 12:20:06 +0530
  
ActionController::RoutingError (No route matches [GET] "/products"):
  
Started GET "/" for ::1 at 2025-10-27 12:23:15 +0530
Processing by ProductsController#index as HTML
Redirected to http://localhost:3000/session/new
Filter chain halted as :require_authentication rendered or redirected
Completed 302 Found in 6ms (ActiveRecord: 0.0ms (0 queries, 0 cached) | GC: 0.0ms)


Started GET "/session/new" for ::1 at 2025-10-27 12:23:15 +0530
Processing by SessionsController#new as HTML
  Rendering layout layouts/application.html.erb
  Rendering sessions/new.html.erb within layouts/application
  Rendered sessions/new.html.erb within layouts/application (Duration: 4.4ms | GC: 0.0ms)
  Rendered layout layouts/application.html.erb (Duration: 4.8ms | GC: 0.0ms)
Completed 200 OK in 11ms (Views: 5.5ms | ActiveRecord: 0.0ms (0 queries, 0 cached) | GC: 0.0ms)


Started GET "/products" for ::1 at 2025-10-27 12:23:30 +0530
  
ActionController::RoutingError (No route matches [GET] "/products"):
  
Started GET "/products" for ::1 at 2025-10-27 12:23:32 +0530
  
ActionController::RoutingError (No route matches [GET] "/products"):
  
Started GET "/products" for ::1 at 2025-10-27 12:23:54 +0530
  
ActionController::RoutingError (No route matches [GET] "/products"):
  
Started GET "/" for ::1 at 2025-10-27 12:37:50 +0530
  [1m[36mActiveRecord::SchemaMigration Load (0.1ms)[0m  [1m[34mSELECT "schema_migrations"."version" FROM "schema_migrations" ORDER BY "schema_migrations"."version" ASC /*application='Store'*/[0m
Processing by ProductsController#index as HTML
Redirected to http://[::1]:3000/session/new
Filter chain halted as :require_authentication rendered or redirected
Completed 302 Found in 6ms (ActiveRecord: 0.0ms (0 queries, 0 cached) | GC: 0.0ms)


Started GET "/session/new" for ::1 at 2025-10-27 12:37:50 +0530
Processing by SessionsController#new as HTML
  Rendering layout layouts/application.html.erb
  Rendering sessions/new.html.erb within layouts/application
  Rendered sessions/new.html.erb within layouts/application (Duration: 2.5ms | GC: 0.0ms)
  Rendered layout layouts/application.html.erb (Duration: 2.9ms | GC: 0.0ms)
Completed 200 OK in 11ms (Views: 4.4ms | ActiveRecord: 0.0ms (0 queries, 0 cached) | GC: 0.0ms)


Started GET "/favicon.ico" for ::1 at 2025-10-27 12:37:50 +0530
  
ActionController::RoutingError (No route matches [GET] "/favicon.ico"):
  
Started GET "/products" for ::1 at 2025-10-27 12:38:09 +0530
  
ActionController::RoutingError (No route matches [GET] "/products"):
  
Started GET "/" for ::1 at 2025-10-27 12:38:25 +0530
Processing by ProductsController#index as HTML
Redirected to http://localhost:3000/session/new
Filter chain halted as :require_authentication rendered or redirected
Completed 302 Found in 5ms (ActiveRecord: 0.0ms (0 queries, 0 cached) | GC: 0.6ms)


Started GET "/session/new" for ::1 at 2025-10-27 12:38:25 +0530
Processing by SessionsController#new as HTML
  Rendering layout layouts/application.html.erb
  Rendering sessions/new.html.erb within layouts/application
  Rendered sessions/new.html.erb within layouts/application (Duration: 0.9ms | GC: 0.0ms)
  Rendered layout layouts/application.html.erb (Duration: 1.1ms | GC: 0.0ms)
Completed 200 OK in 5ms (Views: 1.3ms | ActiveRecord: 0.0ms (0 queries, 0 cached) | GC: 0.0ms)


Started GET "/session/new" for ::1 at 2025-10-27 12:38:45 +0530
Processing by SessionsController#new as HTML
  Rendering layout layouts/application.html.erb
  Rendering sessions/new.html.erb within layouts/application
  Rendered sessions/new.html.erb within layouts/application (Duration: 0.9ms | GC: 0.0ms)
  Rendered layout layouts/application.html.erb (Duration: 1.1ms | GC: 0.0ms)
Completed 200 OK in 5ms (Views: 1.3ms | ActiveRecord: 0.0ms (0 queries, 0 cached) | GC: 0.0ms)


